<?xml version="1.0" encoding="UTF-8"?>
<testsuite xmlns:xsi="http://www.w3.org/2001/XMLSchema-instance" xsi:schemaLocation="https://maven.apache.org/surefire/maven-surefire-plugin/xsd/surefire-test-report.xsd" name="TestSuite" time="37.042" tests="3" errors="0" skipped="0" failures="0">
  <properties>
[...]
</properties>
  <testcase name="addProductToCart" classname="com.browserstack.BStackDemoTest" time="3.224"/>
  <testcase name="addProductToCart" classname="com.browserstack.BStackDemoTest" time="5.553"/>
  <testcase name="addProductToCart" classname="com.browserstack.BStackDemoTest" time="9.878"/>
</testsuite>