<?xml version="1.0" encoding="UTF-8"?>
<testng-results ignored="0" total="3" passed="3" failed="0" skipped="0">
  <reporter-output>
  </reporter-output>
  <suite started-at="2024-09-11T16:01:32 BDT" name="Cross-Platform" finished-at="2024-09-11T16:02:07 BDT" duration-ms="35755">
    <groups>
    </groups>
    <test started-at="2024-09-11T16:01:32 BDT" name="BStackDemo-1" finished-at="2024-09-11T16:01:51 BDT" duration-ms="19119">
      <class name="com.browserstack.BStackDemoTest">
        <test-method is-config="true" signature="setUp()[pri:0, instance:com.browserstack.BStackDemoTest@72be135f]" started-at="2024-09-11T16:01:32 BDT" name="setUp" finished-at="2024-09-11T16:01:45 BDT" duration-ms="13251" status="PASS">
          <reporter-output>
          </reporter-output>
        </test-method> <!-- setUp -->
        <test-method signature="addProductToCart()[pri:0, instance:com.browserstack.BStackDemoTest@72be135f]" started-at="2024-09-11T16:01:45 BDT" name="addProductToCart" finished-at="2024-09-11T16:01:48 BDT" duration-ms="3223" status="PASS">
          <reporter-output>
          </reporter-output>
        </test-method> <!-- addProductToCart -->
        <test-method is-config="true" signature="tearDown()[pri:0, instance:com.browserstack.BStackDemoTest@72be135f]" started-at="2024-09-11T16:01:48 BDT" name="tearDown" finished-at="2024-09-11T16:01:51 BDT" duration-ms="2326" status="PASS">
          <reporter-output>
          </reporter-output>
        </test-method> <!-- tearDown -->
      </class> <!-- com.browserstack.BStackDemoTest -->
    </test> <!-- BStackDemo-1 -->
    <test started-at="2024-09-11T16:01:32 BDT" name="BStackDemo-2" finished-at="2024-09-11T16:02:02 BDT" duration-ms="30792">
      <class name="com.browserstack.BStackDemoTest">
        <test-method is-config="true" signature="setUp()[pri:0, instance:com.browserstack.BStackDemoTest@2c42b421]" started-at="2024-09-11T16:01:32 BDT" name="setUp" finished-at="2024-09-11T16:01:54 BDT" duration-ms="22842" status="PASS">
          <reporter-output>
          </reporter-output>
        </test-method> <!-- setUp -->
        <test-method signature="addProductToCart()[pri:0, instance:com.browserstack.BStackDemoTest@2c42b421]" started-at="2024-09-11T16:01:54 BDT" name="addProductToCart" finished-at="2024-09-11T16:02:00 BDT" duration-ms="5553" status="PASS">
          <reporter-output>
          </reporter-output>
        </test-method> <!-- addProductToCart -->
        <test-method is-config="true" signature="tearDown()[pri:0, instance:com.browserstack.BStackDemoTest@2c42b421]" started-at="2024-09-11T16:02:00 BDT" name="tearDown" finished-at="2024-09-11T16:02:02 BDT" duration-ms="2116" status="PASS">
          <reporter-output>
          </reporter-output>
        </test-method> <!-- tearDown -->
      </class> <!-- com.browserstack.BStackDemoTest -->
    </test> <!-- BStackDemo-2 -->
    <test started-at="2024-09-11T16:01:32 BDT" name="BStackDemo-0" finished-at="2024-09-11T16:02:07 BDT" duration-ms="35754">
      <class name="com.browserstack.BStackDemoTest">
        <test-method is-config="true" signature="setUp()[pri:0, instance:com.browserstack.BStackDemoTest@6a9287b1]" started-at="2024-09-11T16:01:32 BDT" name="setUp" finished-at="2024-09-11T16:01:49 BDT" duration-ms="16975" status="PASS">
          <reporter-output>
          </reporter-output>
        </test-method> <!-- setUp -->
        <test-method signature="addProductToCart()[pri:0, instance:com.browserstack.BStackDemoTest@6a9287b1]" started-at="2024-09-11T16:01:49 BDT" name="addProductToCart" finished-at="2024-09-11T16:02:04 BDT" duration-ms="15746" status="PASS">
          <reporter-output>
          </reporter-output>
        </test-method> <!-- addProductToCart -->
        <test-method is-config="true" signature="tearDown()[pri:0, instance:com.browserstack.BStackDemoTest@6a9287b1]" started-at="2024-09-11T16:02:04 BDT" name="tearDown" finished-at="2024-09-11T16:02:07 BDT" duration-ms="2771" status="PASS">
          <reporter-output>
          </reporter-output>
        </test-method> <!-- tearDown -->
      </class> <!-- com.browserstack.BStackDemoTest -->
    </test> <!-- BStackDemo-0 -->
  </suite> <!-- Cross-Platform -->
</testng-results>
